Using pre-set license
Built from '2021.3/staging' branch; Version is '2021.3.14f1 (eee1884e7226) revision 15655304'; Using compiler version '192829333'; Build Type 'Release'
OS: 'Windows 11  (10.0.22631) 64bit Core' Language: 'en' Physical Memory: 16075 MB
BatchMode: 1, IsHumanControllingUs: 0, StartBugReporterOnCrash: 0, Is64bit: 1, IsPro: 1

COMMAND LINE ARGUMENTS:
C:\Program Files\Unity\Hub\Editor\2021.3.14f1\Editor\Unity.exe
-adb2
-batchMode
-noUpm
-name
AssetImportWorker0
-projectPath
C:/Users/Kate Hillyard/BB/Brews and Bloodshed
-logFile
Logs/AssetImportWorker0.log
-srvPort
56183
Successfully changed project path to: C:/Users/Kate Hillyard/BB/Brews and Bloodshed
C:/Users/Kate Hillyard/BB/Brews and Bloodshed
[UnityMemory] Configuration Parameters - Can be set up in boot.config
    "memorysetup-bucket-allocator-granularity=16"
    "memorysetup-bucket-allocator-bucket-count=8"
    "memorysetup-bucket-allocator-block-size=33554432"
    "memorysetup-bucket-allocator-block-count=8"
    "memorysetup-main-allocator-block-size=16777216"
    "memorysetup-thread-allocator-block-size=16777216"
    "memorysetup-gfx-main-allocator-block-size=16777216"
    "memorysetup-gfx-thread-allocator-block-size=16777216"
    "memorysetup-cache-allocator-block-size=4194304"
    "memorysetup-typetree-allocator-block-size=2097152"
    "memorysetup-profiler-bucket-allocator-granularity=16"
    "memorysetup-profiler-bucket-allocator-bucket-count=8"
    "memorysetup-profiler-bucket-allocator-block-size=33554432"
    "memorysetup-profiler-bucket-allocator-block-count=8"
    "memorysetup-profiler-allocator-block-size=16777216"
    "memorysetup-profiler-editor-allocator-block-size=1048576"
    "memorysetup-temp-allocator-size-main=16777216"
    "memorysetup-job-temp-allocator-block-size=2097152"
    "memorysetup-job-temp-allocator-block-size-background=1048576"
    "memorysetup-job-temp-allocator-reduction-small-platforms=262144"
    "memorysetup-temp-allocator-size-background-worker=32768"
    "memorysetup-temp-allocator-size-job-worker=262144"
    "memorysetup-temp-allocator-size-preload-manager=33554432"
    "memorysetup-temp-allocator-size-nav-mesh-worker=65536"
    "memorysetup-temp-allocator-size-audio-worker=65536"
    "memorysetup-temp-allocator-size-cloud-worker=32768"
    "memorysetup-temp-allocator-size-gi-baking-worker=262144"
    "memorysetup-temp-allocator-size-gfx=262144"
Refreshing native plugins compatible for Editor in 72.65 ms, found 3 plugins.
Preloading 0 native plugins for Editor in 0.00 ms.
Initialize engine version: 2021.3.14f1 (eee1884e7226)
[Subsystems] Discovering subsystems at path C:/Program Files/Unity/Hub/Editor/2021.3.14f1/Editor/Data/Resources/UnitySubsystems
[Subsystems] Discovering subsystems at path C:/Users/Kate Hillyard/BB/Brews and Bloodshed/Assets
GfxDevice: creating device client; threaded=0; jobified=0
Direct3D:
    Version:  Direct3D 11.0 [level 11.1]
    Renderer: Intel(R) Iris(R) Xe Graphics (ID=0x9a49)
    Vendor:   Intel
    VRAM:     8037 MB
    Driver:   30.0.101.3111
Initialize mono
Mono path[0] = 'C:/Program Files/Unity/Hub/Editor/2021.3.14f1/Editor/Data/Managed'
Mono path[1] = 'C:/Program Files/Unity/Hub/Editor/2021.3.14f1/Editor/Data/MonoBleedingEdge/lib/mono/unityjit-win32'
Mono config path = 'C:/Program Files/Unity/Hub/Editor/2021.3.14f1/Editor/Data/MonoBleedingEdge/etc'
Using monoOptions --debugger-agent=transport=dt_socket,embedding=1,server=y,suspend=n,address=127.0.0.1:56924
Begin MonoManager ReloadAssembly
Registering precompiled unity dll's ...
Register platform support module: C:/Program Files/Unity/Hub/Editor/2021.3.14f1/Editor/Data/PlaybackEngines/WebGLSupport/UnityEditor.WebGL.Extensions.dll
Register platform support module: C:/Program Files/Unity/Hub/Editor/2021.3.14f1/Editor/Data/PlaybackEngines/WindowsStandaloneSupport/UnityEditor.WindowsStandalone.Extensions.dll
Registered in 0.006708 seconds.
Native extension for WindowsStandalone target not found
Native extension for WebGL target not found
Refreshing native plugins compatible for Editor in 85.18 ms, found 3 plugins.
Preloading 0 native plugins for Editor in 0.00 ms.
Mono: successfully reloaded assembly
- Completed reload, in  0.610 seconds
Domain Reload Profiling:
	ReloadAssembly (610ms)
		BeginReloadAssembly (72ms)
			ExecutionOrderSort (0ms)
			DisableScriptedObjects (0ms)
			BackupInstance (0ms)
			ReleaseScriptingObjects (0ms)
			CreateAndSetChildDomain (1ms)
		EndReloadAssembly (435ms)
			LoadAssemblies (70ms)
			RebuildTransferFunctionScriptingTraits (0ms)
			SetupTypeCache (90ms)
			ReleaseScriptCaches (0ms)
			RebuildScriptCaches (26ms)
			SetupLoadedEditorAssemblies (267ms)
				LogAssemblyErrors (0ms)
				InitializePlatformSupportModulesInManaged (8ms)
				SetLoadedEditorAssemblies (0ms)
				RefreshPlugins (85ms)
				BeforeProcessingInitializeOnLoad (2ms)
				ProcessInitializeOnLoadAttributes (126ms)
				ProcessInitializeOnLoadMethodAttributes (46ms)
				AfterProcessingInitializeOnLoad (0ms)
				EditorAssembliesLoaded (0ms)
			ExecutionOrderSort2 (0ms)
			AwakeInstancesAfterBackupRestoration (0ms)
Platform modules already initialized, skipping
Registering precompiled user dll's ...
Registered in 0.007520 seconds.
Begin MonoManager ReloadAssembly
Symbol file LoadedFromMemory doesn't match image C:\Users\Kate Hillyard\BB\Brews and Bloodshed\Library\PackageCache\com.unity.visualscripting@1.7.8\Editor\VisualScripting.Core\Dependencies\YamlDotNet\Unity.VisualScripting.YamlDotNet.dll
Symbol file LoadedFromMemory doesn't match image C:\Users\Kate Hillyard\BB\Brews and Bloodshed\Library\PackageCache\com.unity.visualscripting@1.7.8\Editor\VisualScripting.Core\Dependencies\DotNetZip\Unity.VisualScripting.IonicZip.dll
Native extension for WindowsStandalone target not found
Native extension for WebGL target not found
Refreshing native plugins compatible for Editor in 0.67 ms, found 3 plugins.
Preloading 0 native plugins for Editor in 0.00 ms.
Mono: successfully reloaded assembly
- Completed reload, in  1.038 seconds
Domain Reload Profiling:
	ReloadAssembly (1038ms)
		BeginReloadAssembly (105ms)
			ExecutionOrderSort (0ms)
			DisableScriptedObjects (5ms)
			BackupInstance (0ms)
			ReleaseScriptingObjects (0ms)
			CreateAndSetChildDomain (18ms)
		EndReloadAssembly (804ms)
			LoadAssemblies (95ms)
			RebuildTransferFunctionScriptingTraits (0ms)
			SetupTypeCache (269ms)
			ReleaseScriptCaches (1ms)
			RebuildScriptCaches (59ms)
			SetupLoadedEditorAssemblies (351ms)
				LogAssemblyErrors (0ms)
				InitializePlatformSupportModulesInManaged (6ms)
				SetLoadedEditorAssemblies (0ms)
				RefreshPlugins (1ms)
				BeforeProcessingInitializeOnLoad (101ms)
				ProcessInitializeOnLoadAttributes (212ms)
				ProcessInitializeOnLoadMethodAttributes (23ms)
				AfterProcessingInitializeOnLoad (7ms)
				EditorAssembliesLoaded (0ms)
			ExecutionOrderSort2 (0ms)
			AwakeInstancesAfterBackupRestoration (6ms)
Platform modules already initialized, skipping
========================================================================
Worker process is ready to serve import requests
Launched and connected shader compiler UnityShaderCompiler.exe after 0.05 seconds
Refreshing native plugins compatible for Editor in 0.61 ms, found 3 plugins.
Preloading 0 native plugins for Editor in 0.00 ms.
Unloading 3731 Unused Serialized files (Serialized files now loaded: 0)
Unloading 27 unused Assets / (132.6 KB). Loaded Objects now: 4197.
Memory consumption went from 134.4 MB to 134.3 MB.
Total: 3.267000 ms (FindLiveObjects: 0.264700 ms CreateObjectMapping: 0.163400 ms MarkObjects: 2.671600 ms  DeleteObjects: 0.166100 ms)

AssetImportParameters requested are different than current active one (requested -> active):
  custom:video-decoder-ogg-theora: a1e56fd34408186e4bbccfd4996cb3dc -> 
  custom:container-muxer-webm: aa71ff27fc2769a1b78a27578f13a17b -> 
  custom:container-demuxer-webm: 4f35f7cbe854078d1ac9338744f61a02 -> 
  custom:video-encoder-webm-vp8: eb34c28f22e8b96e1ab97ce403110664 -> 
  custom:audio-encoder-webm-vorbis: bf7c407c2cedff20999df2af8eb42d56 -> 
  custom:framework-win-MediaFoundation: 216162199b28c13a410421893ffa2e32 -> 
  custom:container-demuxer-ogg: 62fdf1f143b41e24485cea50d1cbac27 -> 
  custom:video-decoder-webm-vp8: 9c59270c3fd7afecdb556c50c9e8de78 -> 
  custom:audio-decoder-ogg-vorbis: bf7c407c2cedff20999df2af8eb42d56 -> 
========================================================================
Received Import Request.
  Time since last request: 16510.911503 seconds.
  path: Assets/Floor.mat
  artifactKey: Guid(884f25713952e7a42b1f505b4d14f31b) Importer(815301076,1909f56bfc062723c751e8b465ee728b)
Start importing Assets/Floor.mat using Guid(884f25713952e7a42b1f505b4d14f31b) Importer(815301076,1909f56bfc062723c751e8b465ee728b)  -> (artifact id: 'c47e345118a038b5abcbd1256ceec658') in 0.168245 seconds 
========================================================================
Received Import Request.
  Time since last request: 8.202408 seconds.
  path: Assets/Materials
  artifactKey: Guid(9459f0a1aef375e4baec82c1abd3f402) Importer(815301076,1909f56bfc062723c751e8b465ee728b)
Start importing Assets/Materials using Guid(9459f0a1aef375e4baec82c1abd3f402) Importer(815301076,1909f56bfc062723c751e8b465ee728b)  -> (artifact id: 'bd76d1c437e79fd416d2920b4653b64b') in 0.011649 seconds 
========================================================================
Received Import Request.
  Time since last request: 37.988465 seconds.
  path: Assets/Materials/LeftWall.mat
  artifactKey: Guid(55cb4d746b9cb334f8eb3cf77d1a370e) Importer(815301076,1909f56bfc062723c751e8b465ee728b)
Start importing Assets/Materials/LeftWall.mat using Guid(55cb4d746b9cb334f8eb3cf77d1a370e) Importer(815301076,1909f56bfc062723c751e8b465ee728b)  -> (artifact id: 'b9bf845cc516d9744e9323bf8c5315d5') in 0.018857 seconds 
========================================================================
Received Import Request.
  Time since last request: 138.108190 seconds.
  path: Assets/Materials/Floor.mat
  artifactKey: Guid(884f25713952e7a42b1f505b4d14f31b) Importer(815301076,1909f56bfc062723c751e8b465ee728b)
Start importing Assets/Materials/Floor.mat using Guid(884f25713952e7a42b1f505b4d14f31b) Importer(815301076,1909f56bfc062723c751e8b465ee728b)  -> (artifact id: '2c02eac2151147d6b42fe0270c5ad644') in 0.030735 seconds 
========================================================================
Received Prepare
Registering precompiled user dll's ...
Registered in 0.007818 seconds.
Begin MonoManager ReloadAssembly
Symbol file LoadedFromMemory doesn't match image C:\Users\Kate Hillyard\BB\Brews and Bloodshed\Library\PackageCache\com.unity.visualscripting@1.7.8\Editor\VisualScripting.Core\Dependencies\YamlDotNet\Unity.VisualScripting.YamlDotNet.dll
Symbol file LoadedFromMemory doesn't match image C:\Users\Kate Hillyard\BB\Brews and Bloodshed\Library\PackageCache\com.unity.visualscripting@1.7.8\Editor\VisualScripting.Core\Dependencies\DotNetZip\Unity.VisualScripting.IonicZip.dll
Native extension for WindowsStandalone target not found
Native extension for WebGL target not found
Refreshing native plugins compatible for Editor in 1.04 ms, found 3 plugins.
Preloading 0 native plugins for Editor in 0.00 ms.
Mono: successfully reloaded assembly
- Completed reload, in  1.105 seconds
Domain Reload Profiling:
	ReloadAssembly (1106ms)
		BeginReloadAssembly (136ms)
			ExecutionOrderSort (0ms)
			DisableScriptedObjects (4ms)
			BackupInstance (0ms)
			ReleaseScriptingObjects (0ms)
			CreateAndSetChildDomain (40ms)
		EndReloadAssembly (872ms)
			LoadAssemblies (92ms)
			RebuildTransferFunctionScriptingTraits (0ms)
			SetupTypeCache (276ms)
			ReleaseScriptCaches (1ms)
			RebuildScriptCaches (40ms)
			SetupLoadedEditorAssemblies (419ms)
				LogAssemblyErrors (0ms)
				InitializePlatformSupportModulesInManaged (13ms)
				SetLoadedEditorAssemblies (1ms)
				RefreshPlugins (1ms)
				BeforeProcessingInitializeOnLoad (88ms)
				ProcessInitializeOnLoadAttributes (284ms)
				ProcessInitializeOnLoadMethodAttributes (21ms)
				AfterProcessingInitializeOnLoad (11ms)
				EditorAssembliesLoaded (0ms)
			ExecutionOrderSort2 (0ms)
			AwakeInstancesAfterBackupRestoration (7ms)
Platform modules already initialized, skipping
Refreshing native plugins compatible for Editor in 1.86 ms, found 3 plugins.
Preloading 0 native plugins for Editor in 0.00 ms.
Unloading 3771 Unused Serialized files (Serialized files now loaded: 0)
Unloading 23 unused Assets / (213.2 KB). Loaded Objects now: 4303.
Memory consumption went from 138.8 MB to 138.5 MB.
Total: 2.884400 ms (FindLiveObjects: 0.235700 ms CreateObjectMapping: 0.188600 ms MarkObjects: 2.287800 ms  DeleteObjects: 0.171100 ms)

AssetImportParameters requested are different than current active one (requested -> active):
  custom:video-decoder-ogg-theora: a1e56fd34408186e4bbccfd4996cb3dc -> 
  custom:container-muxer-webm: aa71ff27fc2769a1b78a27578f13a17b -> 
  custom:container-demuxer-webm: 4f35f7cbe854078d1ac9338744f61a02 -> 
  custom:video-encoder-webm-vp8: eb34c28f22e8b96e1ab97ce403110664 -> 
  custom:audio-encoder-webm-vorbis: bf7c407c2cedff20999df2af8eb42d56 -> 
  custom:framework-win-MediaFoundation: 216162199b28c13a410421893ffa2e32 -> 
  custom:container-demuxer-ogg: 62fdf1f143b41e24485cea50d1cbac27 -> 
  custom:video-decoder-webm-vp8: 9c59270c3fd7afecdb556c50c9e8de78 -> 
  custom:audio-decoder-ogg-vorbis: bf7c407c2cedff20999df2af8eb42d56 -> 
========================================================================
Received Import Request.
  Time since last request: 28.296879 seconds.
  path: Assets/BOXOPHOBIC/Skybox Cubemap Extended
  artifactKey: Guid(70ce92e6c29184e4d9e1b7c45ba6c395) Importer(815301076,1909f56bfc062723c751e8b465ee728b)
Start importing Assets/BOXOPHOBIC/Skybox Cubemap Extended using Guid(70ce92e6c29184e4d9e1b7c45ba6c395) Importer(815301076,1909f56bfc062723c751e8b465ee728b)  -> (artifact id: 'd264c8f65eb999bd4777c24b53eb3106') in 0.017045 seconds 
========================================================================
Received Import Request.
  Time since last request: 1.643115 seconds.
  path: Assets/BOXOPHOBIC/Skybox Cubemap Extended/Demo
  artifactKey: Guid(cfc8e7618b12487478ae9ea6e1408659) Importer(815301076,1909f56bfc062723c751e8b465ee728b)
Start importing Assets/BOXOPHOBIC/Skybox Cubemap Extended/Demo using Guid(cfc8e7618b12487478ae9ea6e1408659) Importer(815301076,1909f56bfc062723c751e8b465ee728b)  -> (artifact id: '841c83bb15ca20db93fd4ed3c3a47796') in 0.009796 seconds 
========================================================================
Received Import Request.
  Time since last request: 3.494280 seconds.
  path: Assets/BOXOPHOBIC/Skybox Cubemap Extended/Demo/Prefabs
  artifactKey: Guid(5882c7d8e650af3448cdd9e088de982a) Importer(815301076,1909f56bfc062723c751e8b465ee728b)
Start importing Assets/BOXOPHOBIC/Skybox Cubemap Extended/Demo/Prefabs using Guid(5882c7d8e650af3448cdd9e088de982a) Importer(815301076,1909f56bfc062723c751e8b465ee728b)  -> (artifact id: '0b322ec19d8504187ce517dad61b032a') in 0.010386 seconds 
========================================================================
Received Import Request.
  Time since last request: 0.084295 seconds.
  path: Assets/BOXOPHOBIC/Skybox Cubemap Extended/Demo/Prefabs/LowPoly - Fence A.prefab
  artifactKey: Guid(dd3ee0c97aab8a7498c9292f3482f60b) Importer(815301076,1909f56bfc062723c751e8b465ee728b)
Start importing Assets/BOXOPHOBIC/Skybox Cubemap Extended/Demo/Prefabs/LowPoly - Fence A.prefab using Guid(dd3ee0c97aab8a7498c9292f3482f60b) Importer(815301076,1909f56bfc062723c751e8b465ee728b)  -> (artifact id: '42b9c9d42116b0c9713769fe6200b96c') in 0.076184 seconds 
========================================================================
Received Import Request.
  Time since last request: 0.000023 seconds.
  path: Assets/BOXOPHOBIC/Skybox Cubemap Extended/Demo/Prefabs/LowPoly - Grass A.prefab
  artifactKey: Guid(9b6eba5dea9e77a4abd8f45df1ffffb6) Importer(815301076,1909f56bfc062723c751e8b465ee728b)
Start importing Assets/BOXOPHOBIC/Skybox Cubemap Extended/Demo/Prefabs/LowPoly - Grass A.prefab using Guid(9b6eba5dea9e77a4abd8f45df1ffffb6) Importer(815301076,1909f56bfc062723c751e8b465ee728b)  -> (artifact id: '0b0c2e2dabca9e4aceb394c1a09cfc3a') in 0.016164 seconds 
========================================================================
Received Import Request.
  Time since last request: 0.000023 seconds.
  path: Assets/BOXOPHOBIC/Skybox Cubemap Extended/Demo/Prefabs/LowPoly - FirTree A.prefab
  artifactKey: Guid(6b444276162548b4e9107350b71e775a) Importer(815301076,1909f56bfc062723c751e8b465ee728b)
Start importing Assets/BOXOPHOBIC/Skybox Cubemap Extended/Demo/Prefabs/LowPoly - FirTree A.prefab using Guid(6b444276162548b4e9107350b71e775a) Importer(815301076,1909f56bfc062723c751e8b465ee728b)  -> (artifact id: '3e9cb9e3c357ab5c83ef0214b346c4ed') in 0.019185 seconds 
========================================================================
Received Import Request.
  Time since last request: 0.000025 seconds.
  path: Assets/BOXOPHOBIC/Skybox Cubemap Extended/Demo/Prefabs/LowPoly - Rock B.prefab
  artifactKey: Guid(b0622c7c0ff092b46a37f31c718c5eba) Importer(815301076,1909f56bfc062723c751e8b465ee728b)
Start importing Assets/BOXOPHOBIC/Skybox Cubemap Extended/Demo/Prefabs/LowPoly - Rock B.prefab using Guid(b0622c7c0ff092b46a37f31c718c5eba) Importer(815301076,1909f56bfc062723c751e8b465ee728b)  -> (artifact id: 'da4c4f8aebe8c326fe4beda702f3dab9') in 0.016697 seconds 
========================================================================
Received Import Request.
  Time since last request: 4.551773 seconds.
  path: Assets/BOXOPHOBIC/Skybox Cubemap Extended/Demo/Meshes
  artifactKey: Guid(e2a181dd3a4e92e44834ae4203517383) Importer(815301076,1909f56bfc062723c751e8b465ee728b)
Start importing Assets/BOXOPHOBIC/Skybox Cubemap Extended/Demo/Meshes using Guid(e2a181dd3a4e92e44834ae4203517383) Importer(815301076,1909f56bfc062723c751e8b465ee728b)  -> (artifact id: '5ecf30c88248d13f537341c8591305dc') in 0.011426 seconds 
========================================================================
Received Import Request.
  Time since last request: 0.080393 seconds.
  path: Assets/BOXOPHOBIC/Skybox Cubemap Extended/Demo/Meshes/LowPoly - Fence A.FBX
  artifactKey: Guid(719d923d0fff4604dad00bd968b563b2) Importer(815301076,1909f56bfc062723c751e8b465ee728b)
Start importing Assets/BOXOPHOBIC/Skybox Cubemap Extended/Demo/Meshes/LowPoly - Fence A.FBX using Guid(719d923d0fff4604dad00bd968b563b2) Importer(815301076,1909f56bfc062723c751e8b465ee728b)  -> (artifact id: 'bbac480aa1b6637b59309fbba04f1751') in 0.036332 seconds 
========================================================================
Received Import Request.
  Time since last request: 0.000041 seconds.
  path: Assets/BOXOPHOBIC/Skybox Cubemap Extended/Demo/Meshes/LowPoly - Grass B.FBX
  artifactKey: Guid(0860e6fc68e57ae48b5ae6e854f8f6b1) Importer(815301076,1909f56bfc062723c751e8b465ee728b)
Start importing Assets/BOXOPHOBIC/Skybox Cubemap Extended/Demo/Meshes/LowPoly - Grass B.FBX using Guid(0860e6fc68e57ae48b5ae6e854f8f6b1) Importer(815301076,1909f56bfc062723c751e8b465ee728b)  -> (artifact id: 'f6aeda4363bdf2da6e3a994c556b461e') in 0.018496 seconds 
========================================================================
Received Import Request.
  Time since last request: 0.000038 seconds.
  path: Assets/BOXOPHOBIC/Skybox Cubemap Extended/Demo/Meshes/LowPoly - Rock A.FBX
  artifactKey: Guid(26fb55e8ae34728499f6f45cd0527c73) Importer(815301076,1909f56bfc062723c751e8b465ee728b)
Start importing Assets/BOXOPHOBIC/Skybox Cubemap Extended/Demo/Meshes/LowPoly - Rock A.FBX using Guid(26fb55e8ae34728499f6f45cd0527c73) Importer(815301076,1909f56bfc062723c751e8b465ee728b)  -> (artifact id: 'a1320d4e7c4a8ae238958b136c500de2') in 0.023397 seconds 
========================================================================
Received Import Request.
  Time since last request: 0.000025 seconds.
  path: Assets/BOXOPHOBIC/Skybox Cubemap Extended/Demo/Meshes/LowPoly - FirTree B.FBX
  artifactKey: Guid(769d335a9d1fc3948bfb71adea34202c) Importer(815301076,1909f56bfc062723c751e8b465ee728b)
Start importing Assets/BOXOPHOBIC/Skybox Cubemap Extended/Demo/Meshes/LowPoly - FirTree B.FBX using Guid(769d335a9d1fc3948bfb71adea34202c) Importer(815301076,1909f56bfc062723c751e8b465ee728b)  -> (artifact id: '4ddc440a44a01fdd67242f62dedc84e2') in 0.025261 seconds 
========================================================================
Received Import Request.
  Time since last request: 0.000023 seconds.
  path: Assets/BOXOPHOBIC/Skybox Cubemap Extended/Demo/Meshes/LowPoly - FirTree A.FBX
  artifactKey: Guid(7f9b57a02a16e55429c68854f45a8801) Importer(815301076,1909f56bfc062723c751e8b465ee728b)
Start importing Assets/BOXOPHOBIC/Skybox Cubemap Extended/Demo/Meshes/LowPoly - FirTree A.FBX using Guid(7f9b57a02a16e55429c68854f45a8801) Importer(815301076,1909f56bfc062723c751e8b465ee728b)  -> (artifact id: 'd5e0b4cf0b5d0da8b1fe209164c63057') in 0.018561 seconds 
========================================================================
Received Import Request.
  Time since last request: 4.305654 seconds.
  path: Assets/BOXOPHOBIC/Utils
  artifactKey: Guid(fe958074e8e86e246be1415d1489ad50) Importer(815301076,1909f56bfc062723c751e8b465ee728b)
Start importing Assets/BOXOPHOBIC/Utils using Guid(fe958074e8e86e246be1415d1489ad50) Importer(815301076,1909f56bfc062723c751e8b465ee728b)  -> (artifact id: '7b89ceae2fa6888ac9fb9363aa8365f4') in 0.011660 seconds 
========================================================================
Received Import Request.
  Time since last request: 1.532992 seconds.
  path: Assets/BOXOPHOBIC/Utils/Editor
  artifactKey: Guid(96ad7d2ebc0406b4b809bf31234d4941) Importer(815301076,1909f56bfc062723c751e8b465ee728b)
Start importing Assets/BOXOPHOBIC/Utils/Editor using Guid(96ad7d2ebc0406b4b809bf31234d4941) Importer(815301076,1909f56bfc062723c751e8b465ee728b)  -> (artifact id: 'd3b59f323603a662b331f6bfd3daff66') in 0.012963 seconds 
========================================================================
Received Import Request.
  Time since last request: 0.056543 seconds.
  path: Assets/BOXOPHOBIC/Utils/Editor/Boxophobic.Utils.Editor.asmdef
  artifactKey: Guid(10f1dd4cfd6afb54da274d7d818bd8f6) Importer(815301076,1909f56bfc062723c751e8b465ee728b)
Start importing Assets/BOXOPHOBIC/Utils/Editor/Boxophobic.Utils.Editor.asmdef using Guid(10f1dd4cfd6afb54da274d7d818bd8f6) Importer(815301076,1909f56bfc062723c751e8b465ee728b)  -> (artifact id: '934a3b4c75ce512d06fdb2379af6ea82') in 0.013405 seconds 
========================================================================
Received Import Request.
  Time since last request: 7.222668 seconds.
  path: Assets/BOXOPHOBIC/Skybox Cubemap Extended/Core
  artifactKey: Guid(460f9f56919c79d4994a9fd7e00bc277) Importer(815301076,1909f56bfc062723c751e8b465ee728b)
Start importing Assets/BOXOPHOBIC/Skybox Cubemap Extended/Core using Guid(460f9f56919c79d4994a9fd7e00bc277) Importer(815301076,1909f56bfc062723c751e8b465ee728b)  -> (artifact id: 'f8264316668ccb09524d45de19c8ca12') in 0.012292 seconds 
========================================================================
Received Import Request.
  Time since last request: 2.394718 seconds.
  path: Assets/BOXOPHOBIC/Skybox Cubemap Extended/Core/Shaders
  artifactKey: Guid(8f2031d7f1e51e54bb3012c62813ecb5) Importer(815301076,1909f56bfc062723c751e8b465ee728b)
Start importing Assets/BOXOPHOBIC/Skybox Cubemap Extended/Core/Shaders using Guid(8f2031d7f1e51e54bb3012c62813ecb5) Importer(815301076,1909f56bfc062723c751e8b465ee728b)  -> (artifact id: '52ca8fb513f9ce7131c00cf0a3ae9abb') in 0.011491 seconds 
========================================================================
Received Import Request.
  Time since last request: 1.578496 seconds.
  path: Assets/BOXOPHOBIC/Skybox Cubemap Extended/Core/Shaders/Skybox Cubemap Extended.shader
  artifactKey: Guid(82881a2d011b0964696411c822cdd00b) Importer(815301076,1909f56bfc062723c751e8b465ee728b)
Start importing Assets/BOXOPHOBIC/Skybox Cubemap Extended/Core/Shaders/Skybox Cubemap Extended.shader using Guid(82881a2d011b0964696411c822cdd00b) Importer(815301076,1909f56bfc062723c751e8b465ee728b)  -> (artifact id: 'da975c9f1c26cfa3e408bb9462255207') in 0.005466 seconds 
========================================================================
Received Import Request.
  Time since last request: 6.646302 seconds.
  path: Assets/BOXOPHOBIC/Skybox Cubemap Extended/Core/Shaders/Skybox Cubemap Blend.shader
  artifactKey: Guid(7705790d9e8e16344ad5d7960c568904) Importer(815301076,1909f56bfc062723c751e8b465ee728b)
Start importing Assets/BOXOPHOBIC/Skybox Cubemap Extended/Core/Shaders/Skybox Cubemap Blend.shader using Guid(7705790d9e8e16344ad5d7960c568904) Importer(815301076,1909f56bfc062723c751e8b465ee728b)  -> (artifact id: '45e8adca82c93ad22a6447b9136260d9') in 0.013877 seconds 
========================================================================
Received Import Request.
  Time since last request: 31.064077 seconds.
  path: Assets/BOXOPHOBIC/Skybox Cubemap Extended/Core/Editor/Boxophobic.SkyboxCubemapExtended.Editor.asmdef
  artifactKey: Guid(29bc400970c5066438cbde7676418b75) Importer(815301076,1909f56bfc062723c751e8b465ee728b)
Start importing Assets/BOXOPHOBIC/Skybox Cubemap Extended/Core/Editor/Boxophobic.SkyboxCubemapExtended.Editor.asmdef using Guid(29bc400970c5066438cbde7676418b75) Importer(815301076,1909f56bfc062723c751e8b465ee728b)  -> (artifact id: '7aa908474b7af0f08831700572cba0e8') in 0.009652 seconds 
========================================================================
Received Import Request.
  Time since last request: 9.057597 seconds.
  path: Assets/BOXOPHOBIC/User
  artifactKey: Guid(3c4fafa18914e3643bb0bbb13f389612) Importer(815301076,1909f56bfc062723c751e8b465ee728b)
Start importing Assets/BOXOPHOBIC/User using Guid(3c4fafa18914e3643bb0bbb13f389612) Importer(815301076,1909f56bfc062723c751e8b465ee728b)  -> (artifact id: '6c258d08b526ef03492910dbc2b8069e') in 0.011454 seconds 
========================================================================
Received Import Request.
  Time since last request: 4.098658 seconds.
  path: Assets/BOXOPHOBIC/Skybox Cubemap Extended/Core/Functions/Compute Rotation Y.asset
  artifactKey: Guid(693b7d13a80c93a4e8b791a9cd5e5ab2) Importer(815301076,1909f56bfc062723c751e8b465ee728b)
Start importing Assets/BOXOPHOBIC/Skybox Cubemap Extended/Core/Functions/Compute Rotation Y.asset using Guid(693b7d13a80c93a4e8b791a9cd5e5ab2) Importer(815301076,1909f56bfc062723c751e8b465ee728b)  -> (artifact id: '8be344758b93bbf16483b73a91869b20') in 0.016522 seconds 
========================================================================
Received Import Request.
  Time since last request: 23.567403 seconds.
  path: Assets/BOXOPHOBIC/Skybox Cubemap Extended/Demo/Textures/Polyverse Skies - Blue Sky.png
  artifactKey: Guid(beb1457d375110e468b8d8e1f29fccea) Importer(815301076,1909f56bfc062723c751e8b465ee728b)
Start importing Assets/BOXOPHOBIC/Skybox Cubemap Extended/Demo/Textures/Polyverse Skies - Blue Sky.png using Guid(beb1457d375110e468b8d8e1f29fccea) Importer(815301076,1909f56bfc062723c751e8b465ee728b)  -> (artifact id: '107ba322b056d1fff9b707cf7f2d4398') in 0.160560 seconds 
========================================================================
Received Import Request.
  Time since last request: 11.356922 seconds.
  path: Assets/BOXOPHOBIC/Skybox Cubemap Extended/Core/Shaders/Skybox Cubemap Blend.shader
  artifactKey: Guid(7705790d9e8e16344ad5d7960c568904) Importer(815301076,1909f56bfc062723c751e8b465ee728b)
Start importing Assets/BOXOPHOBIC/Skybox Cubemap Extended/Core/Shaders/Skybox Cubemap Blend.shader using Guid(7705790d9e8e16344ad5d7960c568904) Importer(815301076,1909f56bfc062723c751e8b465ee728b)  -> (artifact id: '04d24fcf0eda3018e762c3caeb119a6b') in 0.004080 seconds 
========================================================================
Received Import Request.
  Time since last request: 7.346606 seconds.
  path: Assets/BOXOPHOBIC/Skybox Cubemap Extended/Core/Shaders/Skybox Cubemap Blend.shader
  artifactKey: Guid(7705790d9e8e16344ad5d7960c568904) Importer(815301076,1909f56bfc062723c751e8b465ee728b)
Start importing Assets/BOXOPHOBIC/Skybox Cubemap Extended/Core/Shaders/Skybox Cubemap Blend.shader using Guid(7705790d9e8e16344ad5d7960c568904) Importer(815301076,1909f56bfc062723c751e8b465ee728b)  -> (artifact id: '96c0b51dffbd12bea6731a889542c77c') in 0.003784 seconds 
========================================================================
Received Import Request.
  Time since last request: 10.569442 seconds.
  path: Assets/BOXOPHOBIC/Skybox Cubemap Extended/Demo/Settings/Demo.asset
  artifactKey: Guid(2c9ebc5b5de64494eb66e1f3eb755731) Importer(815301076,1909f56bfc062723c751e8b465ee728b)
Start importing Assets/BOXOPHOBIC/Skybox Cubemap Extended/Demo/Settings/Demo.asset using Guid(2c9ebc5b5de64494eb66e1f3eb755731) Importer(815301076,1909f56bfc062723c751e8b465ee728b)  -> (artifact id: '9bb86f1ae39068cebb156697a0932c23') in 0.003576 seconds 
========================================================================
Received Import Request.
  Time since last request: 78.813231 seconds.
  path: Assets/BOXOPHOBIC/Skybox Cubemap Extended/Demo/Textures/Polyverse Skies - Night Sky.exr
  artifactKey: Guid(fa41734a337674542975482c8fe96ea1) Importer(815301076,1909f56bfc062723c751e8b465ee728b)
Start importing Assets/BOXOPHOBIC/Skybox Cubemap Extended/Demo/Textures/Polyverse Skies - Night Sky.exr using Guid(fa41734a337674542975482c8fe96ea1) Importer(815301076,1909f56bfc062723c751e8b465ee728b)  -> (artifact id: '05eb87d6dba7e097f5ac17dc5a554aa9') in 0.189202 seconds 
========================================================================
Received Import Request.
  Time since last request: 22.875749 seconds.
  path: Assets/BOXOPHOBIC/Skybox Cubemap Extended/Demo/Textures
  artifactKey: Guid(b5d351a24cc9d88488aef68319eb3998) Importer(815301076,1909f56bfc062723c751e8b465ee728b)
Start importing Assets/BOXOPHOBIC/Skybox Cubemap Extended/Demo/Textures using Guid(b5d351a24cc9d88488aef68319eb3998) Importer(815301076,1909f56bfc062723c751e8b465ee728b)  -> (artifact id: '081a67eb8f4491e49882138c5f499f29') in 0.011703 seconds 
========================================================================
Received Import Request.
  Time since last request: 23.547242 seconds.
  path: Assets/BOXOPHOBIC/Skybox Cubemap Extended/Demo/Materials/LowPoly - FirTree.mat
  artifactKey: Guid(138b35dd321622a4d93635b532ae8b8e) Importer(815301076,1909f56bfc062723c751e8b465ee728b)
Start importing Assets/BOXOPHOBIC/Skybox Cubemap Extended/Demo/Materials/LowPoly - FirTree.mat using Guid(138b35dd321622a4d93635b532ae8b8e) Importer(815301076,1909f56bfc062723c751e8b465ee728b)  -> (artifact id: '9fae43d9058a6cf97d9d75c990084997') in 0.033797 seconds 
========================================================================
Received Import Request.
  Time since last request: 0.000017 seconds.
  path: Assets/BOXOPHOBIC/Skybox Cubemap Extended/Demo/Materials/Skybox Cubemap Extended Night.mat
  artifactKey: Guid(cc421da483ed06c49933077a621bff25) Importer(815301076,1909f56bfc062723c751e8b465ee728b)
Start importing Assets/BOXOPHOBIC/Skybox Cubemap Extended/Demo/Materials/Skybox Cubemap Extended Night.mat using Guid(cc421da483ed06c49933077a621bff25) Importer(815301076,1909f56bfc062723c751e8b465ee728b)  -> (artifact id: '021a53337789c608a506a3445b17b98c') in 0.371264 seconds 
========================================================================
Received Import Request.
  Time since last request: 0.000038 seconds.
  path: Assets/BOXOPHOBIC/Skybox Cubemap Extended/Demo/Materials/LowPoly - Grass.mat
  artifactKey: Guid(6fc6652ed834922468cdd63bb95f7fe2) Importer(815301076,1909f56bfc062723c751e8b465ee728b)
Start importing Assets/BOXOPHOBIC/Skybox Cubemap Extended/Demo/Materials/LowPoly - Grass.mat using Guid(6fc6652ed834922468cdd63bb95f7fe2) Importer(815301076,1909f56bfc062723c751e8b465ee728b)  -> (artifact id: 'dedffc80deb5b27531041ff2a2ca76bd') in 0.043635 seconds 
========================================================================
Received Import Request.
  Time since last request: 0.000074 seconds.
  path: Assets/BOXOPHOBIC/Skybox Cubemap Extended/Demo/Materials/Skybox Cubemap Extended Day.mat
  artifactKey: Guid(2bd8959f5fbd3644aa33af1a155fc147) Importer(815301076,1909f56bfc062723c751e8b465ee728b)
Start importing Assets/BOXOPHOBIC/Skybox Cubemap Extended/Demo/Materials/Skybox Cubemap Extended Day.mat using Guid(2bd8959f5fbd3644aa33af1a155fc147) Importer(815301076,1909f56bfc062723c751e8b465ee728b)  -> (artifact id: 'd763adf21ef28ed549887731c10dcba3') in 0.131341 seconds 
========================================================================
Received Import Request.
  Time since last request: 0.000041 seconds.
  path: Assets/BOXOPHOBIC/Skybox Cubemap Extended/Demo/Materials/LowPoly - Wood.mat
  artifactKey: Guid(ff059fc016fcf8d4a88162b27e334cba) Importer(815301076,1909f56bfc062723c751e8b465ee728b)
Start importing Assets/BOXOPHOBIC/Skybox Cubemap Extended/Demo/Materials/LowPoly - Wood.mat using Guid(ff059fc016fcf8d4a88162b27e334cba) Importer(815301076,1909f56bfc062723c751e8b465ee728b)  -> (artifact id: 'ab54b896617724f06a24b043811dd47b') in 0.028495 seconds 
========================================================================
Received Prepare
Registering precompiled user dll's ...
Registered in 0.008734 seconds.
Begin MonoManager ReloadAssembly
Symbol file LoadedFromMemory doesn't match image C:\Users\Kate Hillyard\BB\Brews and Bloodshed\Library\PackageCache\com.unity.visualscripting@1.7.8\Editor\VisualScripting.Core\Dependencies\YamlDotNet\Unity.VisualScripting.YamlDotNet.dll
Symbol file LoadedFromMemory doesn't match image C:\Users\Kate Hillyard\BB\Brews and Bloodshed\Library\PackageCache\com.unity.visualscripting@1.7.8\Editor\VisualScripting.Core\Dependencies\DotNetZip\Unity.VisualScripting.IonicZip.dll
Native extension for WindowsStandalone target not found
Native extension for WebGL target not found
Refreshing native plugins compatible for Editor in 0.98 ms, found 3 plugins.
Preloading 0 native plugins for Editor in 0.00 ms.
Mono: successfully reloaded assembly
- Completed reload, in  1.341 seconds
Domain Reload Profiling:
	ReloadAssembly (1342ms)
		BeginReloadAssembly (161ms)
			ExecutionOrderSort (0ms)
			DisableScriptedObjects (6ms)
			BackupInstance (0ms)
			ReleaseScriptingObjects (0ms)
			CreateAndSetChildDomain (50ms)
		EndReloadAssembly (1068ms)
			LoadAssemblies (102ms)
			RebuildTransferFunctionScriptingTraits (0ms)
			SetupTypeCache (327ms)
			ReleaseScriptCaches (2ms)
			RebuildScriptCaches (46ms)
			SetupLoadedEditorAssemblies (532ms)
				LogAssemblyErrors (0ms)
				InitializePlatformSupportModulesInManaged (18ms)
				SetLoadedEditorAssemblies (1ms)
				RefreshPlugins (1ms)
				BeforeProcessingInitializeOnLoad (105ms)
				ProcessInitializeOnLoadAttributes (351ms)
				ProcessInitializeOnLoadMethodAttributes (43ms)
				AfterProcessingInitializeOnLoad (12ms)
				EditorAssembliesLoaded (0ms)
			ExecutionOrderSort2 (0ms)
			AwakeInstancesAfterBackupRestoration (11ms)
Platform modules already initialized, skipping
Refreshing native plugins compatible for Editor in 7.14 ms, found 3 plugins.
Preloading 0 native plugins for Editor in 0.00 ms.
Unloading 3771 Unused Serialized files (Serialized files now loaded: 0)
Unloading 22 unused Assets / (166.2 KB). Loaded Objects now: 4313.
Memory consumption went from 139.0 MB to 138.9 MB.
Total: 8.234300 ms (FindLiveObjects: 0.432100 ms CreateObjectMapping: 0.919500 ms MarkObjects: 6.556400 ms  DeleteObjects: 0.323300 ms)

AssetImportParameters requested are different than current active one (requested -> active):
  custom:video-decoder-ogg-theora: a1e56fd34408186e4bbccfd4996cb3dc -> 
  custom:container-muxer-webm: aa71ff27fc2769a1b78a27578f13a17b -> 
  custom:container-demuxer-webm: 4f35f7cbe854078d1ac9338744f61a02 -> 
  custom:video-encoder-webm-vp8: eb34c28f22e8b96e1ab97ce403110664 -> 
  custom:audio-encoder-webm-vorbis: bf7c407c2cedff20999df2af8eb42d56 -> 
  custom:framework-win-MediaFoundation: 216162199b28c13a410421893ffa2e32 -> 
  custom:container-demuxer-ogg: 62fdf1f143b41e24485cea50d1cbac27 -> 
  custom:video-decoder-webm-vp8: 9c59270c3fd7afecdb556c50c9e8de78 -> 
  custom:audio-decoder-ogg-vorbis: bf7c407c2cedff20999df2af8eb42d56 -> 
========================================================================
Received Prepare
Registering precompiled user dll's ...
Registered in 0.016756 seconds.
Begin MonoManager ReloadAssembly
Symbol file LoadedFromMemory doesn't match image C:\Users\Kate Hillyard\BB\Brews and Bloodshed\Library\PackageCache\com.unity.visualscripting@1.7.8\Editor\VisualScripting.Core\Dependencies\YamlDotNet\Unity.VisualScripting.YamlDotNet.dll
Symbol file LoadedFromMemory doesn't match image C:\Users\Kate Hillyard\BB\Brews and Bloodshed\Library\PackageCache\com.unity.visualscripting@1.7.8\Editor\VisualScripting.Core\Dependencies\DotNetZip\Unity.VisualScripting.IonicZip.dll
Native extension for WindowsStandalone target not found
Native extension for WebGL target not found
Refreshing native plugins compatible for Editor in 2.22 ms, found 3 plugins.
Preloading 0 native plugins for Editor in 0.00 ms.
Mono: successfully reloaded assembly
- Completed reload, in  2.949 seconds
Domain Reload Profiling:
	ReloadAssembly (2952ms)
		BeginReloadAssembly (215ms)
			ExecutionOrderSort (0ms)
			DisableScriptedObjects (11ms)
			BackupInstance (0ms)
			ReleaseScriptingObjects (0ms)
			CreateAndSetChildDomain (60ms)
		EndReloadAssembly (2543ms)
			LoadAssemblies (137ms)
			RebuildTransferFunctionScriptingTraits (0ms)
			SetupTypeCache (729ms)
			ReleaseScriptCaches (3ms)
			RebuildScriptCaches (138ms)
			SetupLoadedEditorAssemblies (1247ms)
				LogAssemblyErrors (0ms)
				InitializePlatformSupportModulesInManaged (58ms)
				SetLoadedEditorAssemblies (2ms)
				RefreshPlugins (2ms)
				BeforeProcessingInitializeOnLoad (284ms)
				ProcessInitializeOnLoadAttributes (783ms)
				ProcessInitializeOnLoadMethodAttributes (85ms)
				AfterProcessingInitializeOnLoad (32ms)
				EditorAssembliesLoaded (1ms)
			ExecutionOrderSort2 (0ms)
			AwakeInstancesAfterBackupRestoration (23ms)
Platform modules already initialized, skipping
Refreshing native plugins compatible for Editor in 6.62 ms, found 3 plugins.
Preloading 0 native plugins for Editor in 0.00 ms.
Unloading 3770 Unused Serialized files (Serialized files now loaded: 0)
Unloading 22 unused Assets / (174.1 KB). Loaded Objects now: 4316.
Memory consumption went from 138.9 MB to 138.8 MB.
Total: 8.946700 ms (FindLiveObjects: 0.455100 ms CreateObjectMapping: 0.542100 ms MarkObjects: 7.643300 ms  DeleteObjects: 0.302500 ms)

AssetImportParameters requested are different than current active one (requested -> active):
  custom:video-decoder-ogg-theora: a1e56fd34408186e4bbccfd4996cb3dc -> 
  custom:container-muxer-webm: aa71ff27fc2769a1b78a27578f13a17b -> 
  custom:container-demuxer-webm: 4f35f7cbe854078d1ac9338744f61a02 -> 
  custom:video-encoder-webm-vp8: eb34c28f22e8b96e1ab97ce403110664 -> 
  custom:audio-encoder-webm-vorbis: bf7c407c2cedff20999df2af8eb42d56 -> 
  custom:framework-win-MediaFoundation: 216162199b28c13a410421893ffa2e32 -> 
  custom:container-demuxer-ogg: 62fdf1f143b41e24485cea50d1cbac27 -> 
  custom:video-decoder-webm-vp8: 9c59270c3fd7afecdb556c50c9e8de78 -> 
  custom:audio-decoder-ogg-vorbis: bf7c407c2cedff20999df2af8eb42d56 -> 
========================================================================
Received Import Request.
  Time since last request: 450.281699 seconds.
  path: Assets/Materials/Gate.mat
  artifactKey: Guid(d6cfcfffff99d1f448c859ee6fdc5b29) Importer(815301076,1909f56bfc062723c751e8b465ee728b)
Start importing Assets/Materials/Gate.mat using Guid(d6cfcfffff99d1f448c859ee6fdc5b29) Importer(815301076,1909f56bfc062723c751e8b465ee728b)  -> (artifact id: '7907977ac9ae8ede48094d7f7e58a101') in 0.099735 seconds 
========================================================================
Received Import Request.
  Time since last request: 41.961753 seconds.
  path: Assets/Materials/Gate.mat
  artifactKey: Guid(d6cfcfffff99d1f448c859ee6fdc5b29) Importer(815301076,1909f56bfc062723c751e8b465ee728b)
Start importing Assets/Materials/Gate.mat using Guid(d6cfcfffff99d1f448c859ee6fdc5b29) Importer(815301076,1909f56bfc062723c751e8b465ee728b)  -> (artifact id: 'cdb2f38a51a82001205de9598a2f2ffa') in 0.018847 seconds 
========================================================================
Received Prepare
Registering precompiled user dll's ...
Registered in 0.016812 seconds.
Begin MonoManager ReloadAssembly
Symbol file LoadedFromMemory doesn't match image C:\Users\Kate Hillyard\BB\Brews and Bloodshed\Library\PackageCache\com.unity.visualscripting@1.7.8\Editor\VisualScripting.Core\Dependencies\YamlDotNet\Unity.VisualScripting.YamlDotNet.dll
Symbol file LoadedFromMemory doesn't match image C:\Users\Kate Hillyard\BB\Brews and Bloodshed\Library\PackageCache\com.unity.visualscripting@1.7.8\Editor\VisualScripting.Core\Dependencies\DotNetZip\Unity.VisualScripting.IonicZip.dll
Native extension for WindowsStandalone target not found
Native extension for WebGL target not found
Refreshing native plugins compatible for Editor in 2.34 ms, found 3 plugins.
Preloading 0 native plugins for Editor in 0.00 ms.
Mono: successfully reloaded assembly
- Completed reload, in  2.824 seconds
Domain Reload Profiling:
	ReloadAssembly (2826ms)
		BeginReloadAssembly (237ms)
			ExecutionOrderSort (0ms)
			DisableScriptedObjects (6ms)
			BackupInstance (0ms)
			ReleaseScriptingObjects (0ms)
			CreateAndSetChildDomain (68ms)
		EndReloadAssembly (2407ms)
			LoadAssemblies (167ms)
			RebuildTransferFunctionScriptingTraits (0ms)
			SetupTypeCache (717ms)
			ReleaseScriptCaches (4ms)
			RebuildScriptCaches (128ms)
			SetupLoadedEditorAssemblies (1192ms)
				LogAssemblyErrors (0ms)
				InitializePlatformSupportModulesInManaged (51ms)
				SetLoadedEditorAssemblies (2ms)
				RefreshPlugins (3ms)
				BeforeProcessingInitializeOnLoad (260ms)
				ProcessInitializeOnLoadAttributes (773ms)
				ProcessInitializeOnLoadMethodAttributes (73ms)
				AfterProcessingInitializeOnLoad (30ms)
				EditorAssembliesLoaded (1ms)
			ExecutionOrderSort2 (0ms)
			AwakeInstancesAfterBackupRestoration (22ms)
Platform modules already initialized, skipping
Refreshing native plugins compatible for Editor in 8.19 ms, found 3 plugins.
Preloading 0 native plugins for Editor in 0.00 ms.
Unloading 3770 Unused Serialized files (Serialized files now loaded: 0)
Unloading 22 unused Assets / (166.4 KB). Loaded Objects now: 4319.
Memory consumption went from 138.9 MB to 138.8 MB.
Total: 8.658600 ms (FindLiveObjects: 0.429800 ms CreateObjectMapping: 0.636700 ms MarkObjects: 7.204900 ms  DeleteObjects: 0.384400 ms)

AssetImportParameters requested are different than current active one (requested -> active):
  custom:video-decoder-ogg-theora: a1e56fd34408186e4bbccfd4996cb3dc -> 
  custom:container-muxer-webm: aa71ff27fc2769a1b78a27578f13a17b -> 
  custom:container-demuxer-webm: 4f35f7cbe854078d1ac9338744f61a02 -> 
  custom:video-encoder-webm-vp8: eb34c28f22e8b96e1ab97ce403110664 -> 
  custom:audio-encoder-webm-vorbis: bf7c407c2cedff20999df2af8eb42d56 -> 
  custom:framework-win-MediaFoundation: 216162199b28c13a410421893ffa2e32 -> 
  custom:container-demuxer-ogg: 62fdf1f143b41e24485cea50d1cbac27 -> 
  custom:video-decoder-webm-vp8: 9c59270c3fd7afecdb556c50c9e8de78 -> 
  custom:audio-decoder-ogg-vorbis: bf7c407c2cedff20999df2af8eb42d56 -> 
