Using pre-set license
Built from '2021.3/staging' branch; Version is '2021.3.14f1 (eee1884e7226) revision 15655304'; Using compiler version '192829333'; Build Type 'Release'
OS: 'Windows 11  (10.0.22631) 64bit Core' Language: 'en' Physical Memory: 16075 MB
BatchMode: 1, IsHumanControllingUs: 0, StartBugReporterOnCrash: 0, Is64bit: 1, IsPro: 1

COMMAND LINE ARGUMENTS:
C:\Program Files\Unity\Hub\Editor\2021.3.14f1\Editor\Unity.exe
-adb2
-batchMode
-noUpm
-name
AssetImportWorker2
-projectPath
C:/Users/Kate Hillyard/BB/Brews and Bloodshed
-logFile
Logs/AssetImportWorker2.log
-srvPort
50648
Successfully changed project path to: C:/Users/Kate Hillyard/BB/Brews and Bloodshed
C:/Users/Kate Hillyard/BB/Brews and Bloodshed
[UnityMemory] Configuration Parameters - Can be set up in boot.config
    "memorysetup-bucket-allocator-granularity=16"
    "memorysetup-bucket-allocator-bucket-count=8"
    "memorysetup-bucket-allocator-block-size=33554432"
    "memorysetup-bucket-allocator-block-count=8"
    "memorysetup-main-allocator-block-size=16777216"
    "memorysetup-thread-allocator-block-size=16777216"
    "memorysetup-gfx-main-allocator-block-size=16777216"
    "memorysetup-gfx-thread-allocator-block-size=16777216"
    "memorysetup-cache-allocator-block-size=4194304"
    "memorysetup-typetree-allocator-block-size=2097152"
    "memorysetup-profiler-bucket-allocator-granularity=16"
    "memorysetup-profiler-bucket-allocator-bucket-count=8"
    "memorysetup-profiler-bucket-allocator-block-size=33554432"
    "memorysetup-profiler-bucket-allocator-block-count=8"
    "memorysetup-profiler-allocator-block-size=16777216"
    "memorysetup-profiler-editor-allocator-block-size=1048576"
    "memorysetup-temp-allocator-size-main=16777216"
    "memorysetup-job-temp-allocator-block-size=2097152"
    "memorysetup-job-temp-allocator-block-size-background=1048576"
    "memorysetup-job-temp-allocator-reduction-small-platforms=262144"
    "memorysetup-temp-allocator-size-background-worker=32768"
    "memorysetup-temp-allocator-size-job-worker=262144"
    "memorysetup-temp-allocator-size-preload-manager=33554432"
    "memorysetup-temp-allocator-size-nav-mesh-worker=65536"
    "memorysetup-temp-allocator-size-audio-worker=65536"
    "memorysetup-temp-allocator-size-cloud-worker=32768"
    "memorysetup-temp-allocator-size-gi-baking-worker=262144"
    "memorysetup-temp-allocator-size-gfx=262144"
Refreshing native plugins compatible for Editor in 131.94 ms, found 3 plugins.
Preloading 0 native plugins for Editor in 0.00 ms.
Initialize engine version: 2021.3.14f1 (eee1884e7226)
[Subsystems] Discovering subsystems at path C:/Program Files/Unity/Hub/Editor/2021.3.14f1/Editor/Data/Resources/UnitySubsystems
[Subsystems] Discovering subsystems at path C:/Users/Kate Hillyard/BB/Brews and Bloodshed/Assets
GfxDevice: creating device client; threaded=0; jobified=0
Direct3D:
    Version:  Direct3D 11.0 [level 11.1]
    Renderer: Intel(R) Iris(R) Xe Graphics (ID=0x9a49)
    Vendor:   Intel
    VRAM:     8037 MB
    Driver:   30.0.101.3111
Initialize mono
Mono path[0] = 'C:/Program Files/Unity/Hub/Editor/2021.3.14f1/Editor/Data/Managed'
Mono path[1] = 'C:/Program Files/Unity/Hub/Editor/2021.3.14f1/Editor/Data/MonoBleedingEdge/lib/mono/unityjit-win32'
Mono config path = 'C:/Program Files/Unity/Hub/Editor/2021.3.14f1/Editor/Data/MonoBleedingEdge/etc'
Using monoOptions --debugger-agent=transport=dt_socket,embedding=1,server=y,suspend=n,address=127.0.0.1:56520
Begin MonoManager ReloadAssembly
Registering precompiled unity dll's ...
Register platform support module: C:/Program Files/Unity/Hub/Editor/2021.3.14f1/Editor/Data/PlaybackEngines/WebGLSupport/UnityEditor.WebGL.Extensions.dll
Register platform support module: C:/Program Files/Unity/Hub/Editor/2021.3.14f1/Editor/Data/PlaybackEngines/WindowsStandaloneSupport/UnityEditor.WindowsStandalone.Extensions.dll
Registered in 0.014126 seconds.
Native extension for WindowsStandalone target not found
Native extension for WebGL target not found
Refreshing native plugins compatible for Editor in 165.31 ms, found 3 plugins.
Preloading 0 native plugins for Editor in 0.00 ms.
Mono: successfully reloaded assembly
- Completed reload, in  1.074 seconds
Domain Reload Profiling:
	ReloadAssembly (1075ms)
		BeginReloadAssembly (121ms)
			ExecutionOrderSort (0ms)
			DisableScriptedObjects (0ms)
			BackupInstance (0ms)
			ReleaseScriptingObjects (0ms)
			CreateAndSetChildDomain (2ms)
		EndReloadAssembly (774ms)
			LoadAssemblies (116ms)
			RebuildTransferFunctionScriptingTraits (0ms)
			SetupTypeCache (148ms)
			ReleaseScriptCaches (0ms)
			RebuildScriptCaches (48ms)
			SetupLoadedEditorAssemblies (497ms)
				LogAssemblyErrors (0ms)
				InitializePlatformSupportModulesInManaged (17ms)
				SetLoadedEditorAssemblies (0ms)
				RefreshPlugins (166ms)
				BeforeProcessingInitializeOnLoad (2ms)
				ProcessInitializeOnLoadAttributes (239ms)
				ProcessInitializeOnLoadMethodAttributes (73ms)
				AfterProcessingInitializeOnLoad (0ms)
				EditorAssembliesLoaded (0ms)
			ExecutionOrderSort2 (0ms)
			AwakeInstancesAfterBackupRestoration (0ms)
Platform modules already initialized, skipping
Registering precompiled user dll's ...
Registered in 0.013858 seconds.
Begin MonoManager ReloadAssembly
Symbol file LoadedFromMemory doesn't match image C:\Users\Kate Hillyard\BB\Brews and Bloodshed\Library\PackageCache\com.unity.visualscripting@1.7.8\Editor\VisualScripting.Core\Dependencies\YamlDotNet\Unity.VisualScripting.YamlDotNet.dll
Symbol file LoadedFromMemory doesn't match image C:\Users\Kate Hillyard\BB\Brews and Bloodshed\Library\PackageCache\com.unity.visualscripting@1.7.8\Editor\VisualScripting.Core\Dependencies\DotNetZip\Unity.VisualScripting.IonicZip.dll
Native extension for WindowsStandalone target not found
Native extension for WebGL target not found
Refreshing native plugins compatible for Editor in 0.84 ms, found 3 plugins.
Preloading 0 native plugins for Editor in 0.00 ms.
Mono: successfully reloaded assembly
- Completed reload, in 13.794 seconds
Domain Reload Profiling:
	ReloadAssembly (13795ms)
		BeginReloadAssembly (129ms)
			ExecutionOrderSort (0ms)
			DisableScriptedObjects (5ms)
			BackupInstance (0ms)
			ReleaseScriptingObjects (0ms)
			CreateAndSetChildDomain (20ms)
		EndReloadAssembly (13392ms)
			LoadAssemblies (8192ms)
			RebuildTransferFunctionScriptingTraits (0ms)
			SetupTypeCache (1744ms)
			ReleaseScriptCaches (1ms)
			RebuildScriptCaches (67ms)
			SetupLoadedEditorAssemblies (3339ms)
				LogAssemblyErrors (0ms)
				InitializePlatformSupportModulesInManaged (8ms)
				SetLoadedEditorAssemblies (1ms)
				RefreshPlugins (1ms)
				BeforeProcessingInitializeOnLoad (136ms)
				ProcessInitializeOnLoadAttributes (600ms)
				ProcessInitializeOnLoadMethodAttributes (2584ms)
				AfterProcessingInitializeOnLoad (9ms)
				EditorAssembliesLoaded (0ms)
			ExecutionOrderSort2 (0ms)
			AwakeInstancesAfterBackupRestoration (8ms)
Platform modules already initialized, skipping
========================================================================
Worker process is ready to serve import requests
Launched and connected shader compiler UnityShaderCompiler.exe after 0.12 seconds
Refreshing native plugins compatible for Editor in 0.92 ms, found 3 plugins.
Preloading 0 native plugins for Editor in 0.00 ms.
Unloading 3731 Unused Serialized files (Serialized files now loaded: 0)
Unloading 27 unused Assets / (132.6 KB). Loaded Objects now: 4197.
Memory consumption went from 134.4 MB to 134.3 MB.
Total: 6.841300 ms (FindLiveObjects: 0.586300 ms CreateObjectMapping: 0.724400 ms MarkObjects: 5.273800 ms  DeleteObjects: 0.254700 ms)

AssetImportParameters requested are different than current active one (requested -> active):
  custom:video-decoder-ogg-theora: a1e56fd34408186e4bbccfd4996cb3dc -> 
  custom:container-muxer-webm: aa71ff27fc2769a1b78a27578f13a17b -> 
  custom:container-demuxer-webm: 4f35f7cbe854078d1ac9338744f61a02 -> 
  custom:video-encoder-webm-vp8: eb34c28f22e8b96e1ab97ce403110664 -> 
  custom:audio-encoder-webm-vorbis: bf7c407c2cedff20999df2af8eb42d56 -> 
  custom:framework-win-MediaFoundation: 216162199b28c13a410421893ffa2e32 -> 
  custom:container-demuxer-ogg: 62fdf1f143b41e24485cea50d1cbac27 -> 
  custom:video-decoder-webm-vp8: 9c59270c3fd7afecdb556c50c9e8de78 -> 
  custom:audio-decoder-ogg-vorbis: bf7c407c2cedff20999df2af8eb42d56 -> 
========================================================================
Received Import Request.
  Time since last request: 3066.639813 seconds.
  path: Assets/floor.mat
  artifactKey: Guid(884f25713952e7a42b1f505b4d14f31b) Importer(815301076,1909f56bfc062723c751e8b465ee728b)
Start importing Assets/floor.mat using Guid(884f25713952e7a42b1f505b4d14f31b) Importer(815301076,1909f56bfc062723c751e8b465ee728b)  -> (artifact id: '635bd6eebd33457835267b6f74cea8a2') in 0.364859 seconds 
========================================================================
Received Import Request.
  Time since last request: 909.529271 seconds.
  path: Assets/Cafe Pack/_Textures/Materials/menu.mat
  artifactKey: Guid(ace7ab2502fb5c749bcaabeb70049481) Importer(815301076,1909f56bfc062723c751e8b465ee728b)
Start importing Assets/Cafe Pack/_Textures/Materials/menu.mat using Guid(ace7ab2502fb5c749bcaabeb70049481) Importer(815301076,1909f56bfc062723c751e8b465ee728b)  -> (artifact id: 'de101b90036df29692af0a6586071162') in 0.018659 seconds 
========================================================================
Received Import Request.
  Time since last request: 673.461507 seconds.
  path: Assets/Cafe Pack/_Textures/Materials/menu.mat
  artifactKey: Guid(ace7ab2502fb5c749bcaabeb70049481) Importer(815301076,1909f56bfc062723c751e8b465ee728b)
Start importing Assets/Cafe Pack/_Textures/Materials/menu.mat using Guid(ace7ab2502fb5c749bcaabeb70049481) Importer(815301076,1909f56bfc062723c751e8b465ee728b)  -> (artifact id: '31d22ffff41d059f78834c3d4ea03f72') in 0.020185 seconds 
========================================================================
Received Import Request.
  Time since last request: 434.691784 seconds.
  path: Assets/Cafe Pack/_Textures/Materials/small table.mat
  artifactKey: Guid(8f7d7bbaa8077b347aa02b34b50c5159) Importer(815301076,1909f56bfc062723c751e8b465ee728b)
Start importing Assets/Cafe Pack/_Textures/Materials/small table.mat using Guid(8f7d7bbaa8077b347aa02b34b50c5159) Importer(815301076,1909f56bfc062723c751e8b465ee728b)  -> (artifact id: 'd0461f7da35004f87199230a226692b0') in 0.018806 seconds 
========================================================================
Received Import Request.
  Time since last request: 2108.764330 seconds.
  path: Assets/Cafe Pack/_Textures/Materials/New Material.mat
  artifactKey: Guid(18687822560231147b42b968557fdc8f) Importer(815301076,1909f56bfc062723c751e8b465ee728b)
Start importing Assets/Cafe Pack/_Textures/Materials/New Material.mat using Guid(18687822560231147b42b968557fdc8f) Importer(815301076,1909f56bfc062723c751e8b465ee728b)  -> (artifact id: '89d5b4ed1f88e95f791bb00eb9f9f3db') in 0.021282 seconds 
========================================================================
Received Import Request.
  Time since last request: 109.886583 seconds.
  path: Assets/Cafe Pack/_Textures/Materials/New Material.mat
  artifactKey: Guid(18687822560231147b42b968557fdc8f) Importer(815301076,1909f56bfc062723c751e8b465ee728b)
Start importing Assets/Cafe Pack/_Textures/Materials/New Material.mat using Guid(18687822560231147b42b968557fdc8f) Importer(815301076,1909f56bfc062723c751e8b465ee728b)  -> (artifact id: 'fff190f2e87ea3433ea941df953c60e2') in 0.017868 seconds 
